<?xml version="1.0" encoding="UTF-8"?>
<testsuites name="Teste dos Casos" time="53.171" tests="4" failures="0" errors="0">
   <testsuite name="Teste dos Casos" tests="4" failures="0" errors="0" time="53.171" skipped="0" timestamp="09-05-2025T21:28:29" hostname="aliss - 10.2.43.134" id="Test Suites/Teste dos Casos">
      <properties>
         <property name="deviceName" value=""/>
         <property name="devicePlatform"/>
         <property name="logFolder" value="C:\\Users\\aliss\\OneDrive\\Faculdade\\5-Semesstre\\Programa\u00E7\u00E3o Web 2\\TWTodos\\Reports\\20250509_212822\\Teste dos Casos\\20250509_212822"/>
         <property name="logFiles" value="C:\\Users\\aliss\\OneDrive\\Faculdade\\5-Semesstre\\Programa\u00E7\u00E3o Web 2\\TWTodos\\Reports\\20250509_212822\\Teste dos Casos\\20250509_212822\\console0.log, C:\\Users\\aliss\\OneDrive\\Faculdade\\5-Semesstre\\Programa\u00E7\u00E3o Web 2\\TWTodos\\Reports\\20250509_212822\\Teste dos Casos\\20250509_212822\\execution0.log"/>
         <property name="attachments" value=""/>
         <property name="hostName" value="aliss - 10.2.43.134"/>
         <property name="os" value="Windows 11 64bit"/>
         <property name="katalonVersion" value="10.2.0.0"/>
         <property name="browser" value="Chrome 136.0.7103.93"/>
         <property name="userFullName" value="Alisson Almeida"/>
         <property name="hostAddress" value="10.2.43.134"/>
         <property name="sessionId" value="78a37161c4afdfaebf431d186c0f0c6d"/>
         <property name="projectName" value="TWTodos"/>
         <property name="seleniumVersion" value="4.28.1"/>
         <property name="proxyInformation" value="ProxyInformation { proxyOption=NO_PROXY, proxyServerType=HTTP, username=, password=********, proxyServerAddress=, proxyServerPort=0, executionList=&quot;&quot;, isApplyToDesiredCapabilities=true }"/>
         <property name="platform" value="Windows 11"/>
      </properties>
      <testcase name="Test Cases/Teste de Criação" time="9.601" classname="Test Cases/Teste de Criação" status="PASSED">
         <system-out><![CDATA[09-05-2025T21:28:30 - [TEST_CASE][PASSED] - Test Cases/Teste de Criação: Test Cases/Teste de Criação

09-05-2025T21:28:31 - [TEST_STEP][PASSED] - openBrowser(""): Browser is opened with url: ''

09-05-2025T21:28:32 - [MESSAGE][INFO] - Starting 'Chrome' driver

09-05-2025T21:28:32 - [MESSAGE][INFO] - Action delay is set to 0 milliseconds

09-05-2025T21:28:36 - [MESSAGE][PASSED] - Browser is opened with url: ''

09-05-2025T21:28:36 - [TEST_STEP][PASSED] - navigateToUrl("http://127.0.0.1:8000/"): Navigate to 'http://127.0.0.1:8000/' successfully

09-05-2025T21:28:37 - [MESSAGE][PASSED] - Navigate to 'http://127.0.0.1:8000/' successfully

09-05-2025T21:28:37 - [TEST_STEP][PASSED] - click(findTestObject("Object Repository/Page_TWTodos - Lista de Tarefas/a_Nova tarefa")): Object: 'Object Repository/Page_TWTodos - Lista de Tarefas/a_Nova tarefa' is clicked on

09-05-2025T21:28:38 - [MESSAGE][PASSED] - Object: 'Object Repository/Page_TWTodos - Lista de Tarefas/a_Nova tarefa' is clicked on

09-05-2025T21:28:38 - [TEST_STEP][PASSED] - setText(findTestObject("Object Repository/Page_TWTodos - Nova Tarefa/input__title"), "Arroz"): Text 'Arroz' is set on object 'Object Repository/Page_TWTodos - Nova Tarefa/input__title'

09-05-2025T21:28:39 - [MESSAGE][PASSED] - Text 'Arroz' is set on object 'Object Repository/Page_TWTodos - Nova Tarefa/input__title'

09-05-2025T21:28:39 - [TEST_STEP][PASSED] - setText(findTestObject("Object Repository/Page_TWTodos - Nova Tarefa/input__deadline"), "20/05/2025"): Text '20/05/2025' is set on object 'Object Repository/Page_TWTodos - Nova Tarefa/input__deadline'

09-05-2025T21:28:39 - [MESSAGE][PASSED] - Text '20/05/2025' is set on object 'Object Repository/Page_TWTodos - Nova Tarefa/input__deadline'

09-05-2025T21:28:39 - [TEST_STEP][PASSED] - click(findTestObject("Object Repository/Page_TWTodos - Nova Tarefa/button_Salvar")): Object: 'Object Repository/Page_TWTodos - Nova Tarefa/button_Salvar' is clicked on

09-05-2025T21:28:40 - [MESSAGE][PASSED] - Object: 'Object Repository/Page_TWTodos - Nova Tarefa/button_Salvar' is clicked on]]></system-out>
         <system-err><![CDATA[]]></system-err>
      </testcase>
      <testcase name="Test Cases/Teste de Edição" time="5.186" classname="Test Cases/Teste de Edição" status="PASSED">
         <system-out><![CDATA[09-05-2025T21:28:40 - [TEST_CASE][PASSED] - Test Cases/Teste de Edição: Test Cases/Teste de Edição

09-05-2025T21:28:40 - [TEST_STEP][PASSED] - openBrowser(""): Browser is opened with url: ''

09-05-2025T21:28:40 - [MESSAGE][WARNING] - A browser is already opened. Closing browser and opening a new one

09-05-2025T21:28:40 - [MESSAGE][INFO] - Starting 'Chrome' driver

09-05-2025T21:28:40 - [MESSAGE][INFO] - Action delay is set to 0 milliseconds

09-05-2025T21:28:42 - [MESSAGE][PASSED] - Browser is opened with url: ''

09-05-2025T21:28:42 - [TEST_STEP][PASSED] - navigateToUrl("http://127.0.0.1:8000/"): Navigate to 'http://127.0.0.1:8000/' successfully

09-05-2025T21:28:43 - [MESSAGE][PASSED] - Navigate to 'http://127.0.0.1:8000/' successfully

09-05-2025T21:28:43 - [TEST_STEP][PASSED] - click(findTestObject("Object Repository/Page_TWTodos - Lista de Tarefas/a_Editar")): Object: 'Object Repository/Page_TWTodos - Lista de Tarefas/a_Editar' is clicked on

09-05-2025T21:28:43 - [MESSAGE][PASSED] - Object: 'Object Repository/Page_TWTodos - Lista de Tarefas/a_Editar' is clicked on

09-05-2025T21:28:43 - [TEST_STEP][PASSED] - setText(findTestObject("Object Repository/Page_TWTodos - Editar de Tarefa/input__title"), "Arroz com Carne"): Text 'Arroz com Carne' is set on object 'Object Repository/Page_TWTodos - Editar de Tarefa/input__title'

09-05-2025T21:28:44 - [MESSAGE][PASSED] - Text 'Arroz com Carne' is set on object 'Object Repository/Page_TWTodos - Editar de Tarefa/input__title'

09-05-2025T21:28:44 - [TEST_STEP][PASSED] - setText(findTestObject("Object Repository/Page_TWTodos - Editar de Tarefa/input__deadline"), "20/05/2026"): Text '20/05/2026' is set on object 'Object Repository/Page_TWTodos - Editar de Tarefa/input__deadline'

09-05-2025T21:28:45 - [MESSAGE][PASSED] - Text '20/05/2026' is set on object 'Object Repository/Page_TWTodos - Editar de Tarefa/input__deadline'

09-05-2025T21:28:45 - [TEST_STEP][PASSED] - click(findTestObject("Object Repository/Page_TWTodos - Editar de Tarefa/button_Salvar")): Object: 'Object Repository/Page_TWTodos - Editar de Tarefa/button_Salvar' is clicked on

09-05-2025T21:28:45 - [MESSAGE][PASSED] - Object: 'Object Repository/Page_TWTodos - Editar de Tarefa/button_Salvar' is clicked on]]></system-out>
         <system-err><![CDATA[]]></system-err>
      </testcase>
      <testcase name="Test Cases/Teste de Conclusão de tarefa" time="3.475" classname="Test Cases/Teste de Conclusão de tarefa" status="PASSED">
         <system-out><![CDATA[09-05-2025T21:28:45 - [TEST_CASE][PASSED] - Test Cases/Teste de Conclusão de tarefa: Test Cases/Teste de Conclusão de tarefa

09-05-2025T21:28:45 - [TEST_STEP][PASSED] - openBrowser(""): Browser is opened with url: ''

09-05-2025T21:28:45 - [MESSAGE][WARNING] - A browser is already opened. Closing browser and opening a new one

09-05-2025T21:28:46 - [MESSAGE][INFO] - Starting 'Chrome' driver

09-05-2025T21:28:46 - [MESSAGE][INFO] - Action delay is set to 0 milliseconds

09-05-2025T21:28:47 - [MESSAGE][PASSED] - Browser is opened with url: ''

09-05-2025T21:28:47 - [TEST_STEP][PASSED] - navigateToUrl("http://127.0.0.1:8000/"): Navigate to 'http://127.0.0.1:8000/' successfully

09-05-2025T21:28:48 - [MESSAGE][PASSED] - Navigate to 'http://127.0.0.1:8000/' successfully

09-05-2025T21:28:48 - [TEST_STEP][PASSED] - click(findTestObject("Object Repository/Page_TWTodos - Lista de Tarefas/a_Concluir")): Object: 'Object Repository/Page_TWTodos - Lista de Tarefas/a_Concluir' is clicked on

09-05-2025T21:28:49 - [MESSAGE][PASSED] - Object: 'Object Repository/Page_TWTodos - Lista de Tarefas/a_Concluir' is clicked on]]></system-out>
         <system-err><![CDATA[]]></system-err>
      </testcase>
      <testcase name="Test Cases/Teste de Exclusão" time="33.628" classname="Test Cases/Teste de Exclusão" status="PASSED">
         <system-out><![CDATA[09-05-2025T21:28:49 - [TEST_CASE][PASSED] - Test Cases/Teste de Exclusão: Test Cases/Teste de Exclusão

09-05-2025T21:28:49 - [TEST_STEP][PASSED] - openBrowser(""): Browser is opened with url: ''

09-05-2025T21:28:49 - [MESSAGE][WARNING] - A browser is already opened. Closing browser and opening a new one

09-05-2025T21:28:49 - [MESSAGE][INFO] - Starting 'Chrome' driver

09-05-2025T21:28:49 - [MESSAGE][INFO] - Action delay is set to 0 milliseconds

09-05-2025T21:28:50 - [MESSAGE][PASSED] - Browser is opened with url: ''

09-05-2025T21:28:50 - [TEST_STEP][PASSED] - navigateToUrl("http://127.0.0.1:8000/"): Navigate to 'http://127.0.0.1:8000/' successfully

09-05-2025T21:28:50 - [MESSAGE][PASSED] - Navigate to 'http://127.0.0.1:8000/' successfully

09-05-2025T21:28:50 - [TEST_STEP][PASSED] - click(findTestObject("Object Repository/Page_TWTodos - Lista de Tarefas/a_Exclur")): Object: 'Object Repository/Page_TWTodos - Lista de Tarefas/a_Exclur' is clicked on

09-05-2025T21:29:21 - [MESSAGE][INFO] - Unable to find the element located by 'By.xpath: (//a[contains(text(),'Excluír')])[2]'. Please recheck the objects properties to make sure the desired element is located. 

09-05-2025T21:29:21 - [MESSAGE][WARNING] - [SELF-HEALING] Failed to find element with id 'Object Repository/Page_TWTodos - Lista de Tarefas/a_Exclur'. Try using Self-healing.

09-05-2025T21:29:22 - [MESSAGE][WARNING] - [SELF-HEALING] The current locator of test object 'Object Repository/Page_TWTodos - Lista de Tarefas/a_Exclur' was broken. Propose an alternative one: '(.//*[normalize-space(text()) and normalize-space(.)='Nova tarefa'])[1]/preceding::a[1]'.

09-05-2025T21:29:22 - [MESSAGE][PASSED] - Object: 'Object Repository/Page_TWTodos - Lista de Tarefas/a_Exclur' is clicked on

09-05-2025T21:29:22 - [TEST_STEP][PASSED] - click(findTestObject("Object Repository/Page_TWTodos - Exclur Tarefa/button_Exclur")): Object: 'Object Repository/Page_TWTodos - Exclur Tarefa/button_Exclur' is clicked on

09-05-2025T21:29:22 - [MESSAGE][PASSED] - Object: 'Object Repository/Page_TWTodos - Exclur Tarefa/button_Exclur' is clicked on]]></system-out>
         <system-err><![CDATA[]]></system-err>
      </testcase>
      <system-out><![CDATA[09-05-2025T21:28:29 - [TEST_SUITE][PASSED] - Teste dos Casos: Test Cases/Teste de Exclusão]]></system-out>
      <system-err><![CDATA[]]></system-err>
   </testsuite>
</testsuites>
