<?xml version="1.0" encoding="UTF-8"?>
<testsuites name="Teste dos Casos" time="51.535" tests="4" failures="0" errors="0">
   <testsuite name="Teste dos Casos" tests="4" failures="0" errors="0" time="51.535" skipped="0" timestamp="07-05-2025T21:11:53" hostname="aliss - Alisson" id="Test Suites/Teste dos Casos">
      <properties>
         <property name="deviceName" value=""/>
         <property name="devicePlatform"/>
         <property name="logFolder" value="C:\\Users\\aliss\\OneDrive\\Faculdade\\5-Semesstre\\Programa\u00E7\u00E3o Web 2\\TWTodos\\Reports\\20250507_211146\\Teste dos Casos\\20250507_211146"/>
         <property name="logFiles" value="C:\\Users\\aliss\\OneDrive\\Faculdade\\5-Semesstre\\Programa\u00E7\u00E3o Web 2\\TWTodos\\Reports\\20250507_211146\\Teste dos Casos\\20250507_211146\\console0.log, C:\\Users\\aliss\\OneDrive\\Faculdade\\5-Semesstre\\Programa\u00E7\u00E3o Web 2\\TWTodos\\Reports\\20250507_211146\\Teste dos Casos\\20250507_211146\\execution0.log"/>
         <property name="attachments" value=""/>
         <property name="hostName" value="aliss - Alisson"/>
         <property name="os" value="Windows 11 64bit"/>
         <property name="katalonVersion" value="10.2.0.0"/>
         <property name="browser" value="Chrome 136.0.7103.92"/>
         <property name="userFullName" value="Alisson Almeida"/>
         <property name="hostAddress" value="192.168.15.5"/>
         <property name="sessionId" value="2963618d60ac687c45b1119ef27773c8"/>
         <property name="projectName" value="TWTodos"/>
         <property name="seleniumVersion" value="4.28.1"/>
         <property name="proxyInformation" value="ProxyInformation { proxyOption=NO_PROXY, proxyServerType=HTTP, username=, password=********, proxyServerAddress=, proxyServerPort=0, executionList=&quot;&quot;, isApplyToDesiredCapabilities=true }"/>
         <property name="platform" value="Windows 11"/>
      </properties>
      <testcase name="Test Cases/Teste de Criação" time="7.941" classname="Test Cases/Teste de Criação" status="PASSED">
         <system-out><![CDATA[07-05-2025T21:11:54 - [TEST_CASE][PASSED] - Test Cases/Teste de Criação: Test Cases/Teste de Criação

07-05-2025T21:11:54 - [TEST_STEP][PASSED] - openBrowser(""): Browser is opened with url: ''

07-05-2025T21:11:55 - [MESSAGE][INFO] - Starting 'Chrome' driver

07-05-2025T21:11:55 - [MESSAGE][INFO] - Action delay is set to 0 milliseconds

07-05-2025T21:11:59 - [MESSAGE][PASSED] - Browser is opened with url: ''

07-05-2025T21:11:59 - [TEST_STEP][PASSED] - navigateToUrl("http://127.0.0.1:8000/"): Navigate to 'http://127.0.0.1:8000/' successfully

07-05-2025T21:11:59 - [MESSAGE][PASSED] - Navigate to 'http://127.0.0.1:8000/' successfully

07-05-2025T21:11:59 - [TEST_STEP][PASSED] - click(findTestObject("Object Repository/Page_TWTodos - Lista de Tarefas/a_Nova tarefa")): Object: 'Object Repository/Page_TWTodos - Lista de Tarefas/a_Nova tarefa' is clicked on

07-05-2025T21:12:00 - [MESSAGE][PASSED] - Object: 'Object Repository/Page_TWTodos - Lista de Tarefas/a_Nova tarefa' is clicked on

07-05-2025T21:12:00 - [TEST_STEP][PASSED] - setText(findTestObject("Object Repository/Page_TWTodos - Nova Tarefa/input__title"), "Arroz"): Text 'Arroz' is set on object 'Object Repository/Page_TWTodos - Nova Tarefa/input__title'

07-05-2025T21:12:01 - [MESSAGE][PASSED] - Text 'Arroz' is set on object 'Object Repository/Page_TWTodos - Nova Tarefa/input__title'

07-05-2025T21:12:01 - [TEST_STEP][PASSED] - setText(findTestObject("Object Repository/Page_TWTodos - Nova Tarefa/input__deadline"), "20/05/2025"): Text '20/05/2025' is set on object 'Object Repository/Page_TWTodos - Nova Tarefa/input__deadline'

07-05-2025T21:12:01 - [MESSAGE][PASSED] - Text '20/05/2025' is set on object 'Object Repository/Page_TWTodos - Nova Tarefa/input__deadline'

07-05-2025T21:12:01 - [TEST_STEP][PASSED] - click(findTestObject("Object Repository/Page_TWTodos - Nova Tarefa/button_Salvar")): Object: 'Object Repository/Page_TWTodos - Nova Tarefa/button_Salvar' is clicked on

07-05-2025T21:12:02 - [MESSAGE][PASSED] - Object: 'Object Repository/Page_TWTodos - Nova Tarefa/button_Salvar' is clicked on]]></system-out>
         <system-err><![CDATA[]]></system-err>
      </testcase>
      <testcase name="Test Cases/Teste de Edição" time="5.151" classname="Test Cases/Teste de Edição" status="PASSED">
         <system-out><![CDATA[07-05-2025T21:12:02 - [TEST_CASE][PASSED] - Test Cases/Teste de Edição: Test Cases/Teste de Edição

07-05-2025T21:12:02 - [TEST_STEP][PASSED] - openBrowser(""): Browser is opened with url: ''

07-05-2025T21:12:02 - [MESSAGE][WARNING] - A browser is already opened. Closing browser and opening a new one

07-05-2025T21:12:02 - [MESSAGE][INFO] - Starting 'Chrome' driver

07-05-2025T21:12:02 - [MESSAGE][INFO] - Action delay is set to 0 milliseconds

07-05-2025T21:12:04 - [MESSAGE][PASSED] - Browser is opened with url: ''

07-05-2025T21:12:04 - [TEST_STEP][PASSED] - navigateToUrl("http://127.0.0.1:8000/"): Navigate to 'http://127.0.0.1:8000/' successfully

07-05-2025T21:12:04 - [MESSAGE][PASSED] - Navigate to 'http://127.0.0.1:8000/' successfully

07-05-2025T21:12:04 - [TEST_STEP][PASSED] - click(findTestObject("Object Repository/Page_TWTodos - Lista de Tarefas/a_Editar")): Object: 'Object Repository/Page_TWTodos - Lista de Tarefas/a_Editar' is clicked on

07-05-2025T21:12:05 - [MESSAGE][PASSED] - Object: 'Object Repository/Page_TWTodos - Lista de Tarefas/a_Editar' is clicked on

07-05-2025T21:12:05 - [TEST_STEP][PASSED] - setText(findTestObject("Object Repository/Page_TWTodos - Editar de Tarefa/input__title"), "Arroz com Carne"): Text 'Arroz com Carne' is set on object 'Object Repository/Page_TWTodos - Editar de Tarefa/input__title'

07-05-2025T21:12:06 - [MESSAGE][PASSED] - Text 'Arroz com Carne' is set on object 'Object Repository/Page_TWTodos - Editar de Tarefa/input__title'

07-05-2025T21:12:06 - [TEST_STEP][PASSED] - setText(findTestObject("Object Repository/Page_TWTodos - Editar de Tarefa/input__deadline"), "20/05/2026"): Text '20/05/2026' is set on object 'Object Repository/Page_TWTodos - Editar de Tarefa/input__deadline'

07-05-2025T21:12:06 - [MESSAGE][PASSED] - Text '20/05/2026' is set on object 'Object Repository/Page_TWTodos - Editar de Tarefa/input__deadline'

07-05-2025T21:12:06 - [TEST_STEP][PASSED] - click(findTestObject("Object Repository/Page_TWTodos - Editar de Tarefa/button_Salvar")): Object: 'Object Repository/Page_TWTodos - Editar de Tarefa/button_Salvar' is clicked on

07-05-2025T21:12:07 - [MESSAGE][PASSED] - Object: 'Object Repository/Page_TWTodos - Editar de Tarefa/button_Salvar' is clicked on]]></system-out>
         <system-err><![CDATA[]]></system-err>
      </testcase>
      <testcase name="Test Cases/Teste de Conclusão de tarefa" time="3.088" classname="Test Cases/Teste de Conclusão de tarefa" status="PASSED">
         <system-out><![CDATA[07-05-2025T21:12:07 - [TEST_CASE][PASSED] - Test Cases/Teste de Conclusão de tarefa: Test Cases/Teste de Conclusão de tarefa

07-05-2025T21:12:07 - [TEST_STEP][PASSED] - openBrowser(""): Browser is opened with url: ''

07-05-2025T21:12:07 - [MESSAGE][WARNING] - A browser is already opened. Closing browser and opening a new one

07-05-2025T21:12:07 - [MESSAGE][INFO] - Starting 'Chrome' driver

07-05-2025T21:12:07 - [MESSAGE][INFO] - Action delay is set to 0 milliseconds

07-05-2025T21:12:09 - [MESSAGE][PASSED] - Browser is opened with url: ''

07-05-2025T21:12:09 - [TEST_STEP][PASSED] - navigateToUrl("http://127.0.0.1:8000/"): Navigate to 'http://127.0.0.1:8000/' successfully

07-05-2025T21:12:09 - [MESSAGE][PASSED] - Navigate to 'http://127.0.0.1:8000/' successfully

07-05-2025T21:12:09 - [TEST_STEP][PASSED] - click(findTestObject("Object Repository/Page_TWTodos - Lista de Tarefas/a_Concluir")): Object: 'Object Repository/Page_TWTodos - Lista de Tarefas/a_Concluir' is clicked on

07-05-2025T21:12:10 - [MESSAGE][PASSED] - Object: 'Object Repository/Page_TWTodos - Lista de Tarefas/a_Concluir' is clicked on]]></system-out>
         <system-err><![CDATA[]]></system-err>
      </testcase>
      <testcase name="Test Cases/Teste de Exclusão" time="34.273" classname="Test Cases/Teste de Exclusão" status="PASSED">
         <system-out><![CDATA[07-05-2025T21:12:10 - [TEST_CASE][PASSED] - Test Cases/Teste de Exclusão: Test Cases/Teste de Exclusão

07-05-2025T21:12:10 - [TEST_STEP][PASSED] - openBrowser(""): Browser is opened with url: ''

07-05-2025T21:12:10 - [MESSAGE][WARNING] - A browser is already opened. Closing browser and opening a new one

07-05-2025T21:12:10 - [MESSAGE][INFO] - Starting 'Chrome' driver

07-05-2025T21:12:10 - [MESSAGE][INFO] - Action delay is set to 0 milliseconds

07-05-2025T21:12:12 - [MESSAGE][PASSED] - Browser is opened with url: ''

07-05-2025T21:12:12 - [TEST_STEP][PASSED] - navigateToUrl("http://127.0.0.1:8000/"): Navigate to 'http://127.0.0.1:8000/' successfully

07-05-2025T21:12:12 - [MESSAGE][PASSED] - Navigate to 'http://127.0.0.1:8000/' successfully

07-05-2025T21:12:12 - [TEST_STEP][PASSED] - click(findTestObject("Object Repository/Page_TWTodos - Lista de Tarefas/a_Exclur")): Object: 'Object Repository/Page_TWTodos - Lista de Tarefas/a_Exclur' is clicked on

07-05-2025T21:12:43 - [MESSAGE][INFO] - Unable to find the element located by 'By.xpath: (//a[contains(text(),'Excluír')])[2]'. Please recheck the objects properties to make sure the desired element is located. 

07-05-2025T21:12:43 - [MESSAGE][WARNING] - [SELF-HEALING] Failed to find element with id 'Object Repository/Page_TWTodos - Lista de Tarefas/a_Exclur'. Try using Self-healing.

07-05-2025T21:12:43 - [MESSAGE][WARNING] - [SELF-HEALING] The current locator of test object 'Object Repository/Page_TWTodos - Lista de Tarefas/a_Exclur' was broken. Propose an alternative one: '(.//*[normalize-space(text()) and normalize-space(.)='Nova tarefa'])[1]/preceding::a[1]'.

07-05-2025T21:12:44 - [MESSAGE][PASSED] - Object: 'Object Repository/Page_TWTodos - Lista de Tarefas/a_Exclur' is clicked on

07-05-2025T21:12:44 - [TEST_STEP][PASSED] - click(findTestObject("Object Repository/Page_TWTodos - Exclur Tarefa/button_Exclur")): Object: 'Object Repository/Page_TWTodos - Exclur Tarefa/button_Exclur' is clicked on

07-05-2025T21:12:44 - [MESSAGE][PASSED] - Object: 'Object Repository/Page_TWTodos - Exclur Tarefa/button_Exclur' is clicked on]]></system-out>
         <system-err><![CDATA[]]></system-err>
      </testcase>
      <system-out><![CDATA[07-05-2025T21:11:53 - [TEST_SUITE][PASSED] - Teste dos Casos: Test Cases/Teste de Exclusão]]></system-out>
      <system-err><![CDATA[]]></system-err>
   </testsuite>
</testsuites>
